<?xml version="1.0" encoding="UTF-8"?>
<!-- Generated by org.testng.reporters.JUnitReportReporter -->
<testsuite hostname="DESKTOP-L7SKORH" failures="0" tests="1" name="testScript.FacebookTest1" time="4.284" errors="0" timestamp="2023-05-19T20:50:56 IST" skipped="0">
  <testcase classname="testScript.FacebookTest1" name="test1" time="4.284"/>
  <system-out/>
</testsuite> <!-- testScript.FacebookTest1 -->
