<?xml version="1.0" encoding="UTF-8"?>
<!-- Generated by org.testng.reporters.JUnitReportReporter -->
<testsuite hostname="DESKTOP-L7SKORH" failures="0" tests="1" name="testScript.SampleTest1" time="13.543" errors="0" timestamp="2023-05-24T20:47:03 IST" skipped="0">
  <testcase classname="testScript.SampleTest1" name="test" time="13.543"/>
  <system-out/>
</testsuite> <!-- testScript.SampleTest1 -->
